2025-08-12T00:02:41.967+05:30  INFO 22936 --- [main] com.nexsplit.NexsplitApplication         : Starting NexsplitApplication using Java 21.0.4 with PID 22936 (D:\spring\nexsplit\nexsplit\target\classes started by WWW in D:\spring\nexsplit\nexsplit)
2025-08-12T00:02:41.975+05:30 DEBUG 22936 --- [main] com.nexsplit.NexsplitApplication         : Running with Spring Boot v3.5.3, Spring v6.2.8
2025-08-12T00:02:41.976+05:30  INFO 22936 --- [main] com.nexsplit.NexsplitApplication         : No active profile set, falling back to 1 default profile: "default"
2025-08-12T00:02:42.978+05:30  INFO 22936 --- [main] .s.d.r.c.RepositoryConfigurationDelegate : Bootstrapping Spring Data JPA repositories in DEFAULT mode.
2025-08-12T00:02:43.027+05:30  INFO 22936 --- [main] .s.d.r.c.RepositoryConfigurationDelegate : Finished Spring Data repository scanning in 40 ms. Found 1 JPA repository interface.
2025-08-12T00:02:43.657+05:30  INFO 22936 --- [main] o.s.b.w.embedded.tomcat.TomcatWebServer  : Tomcat initialized with port 8080 (http)
2025-08-12T00:02:43.670+05:30  INFO 22936 --- [main] o.apache.catalina.core.StandardService   : Starting service [Tomcat]
2025-08-12T00:02:43.670+05:30  INFO 22936 --- [main] o.apache.catalina.core.StandardEngine    : Starting Servlet engine: [Apache Tomcat/10.1.42]
2025-08-12T00:02:43.731+05:30  INFO 22936 --- [main] o.a.c.c.C.[Tomcat].[localhost].[/]       : Initializing Spring embedded WebApplicationContext
2025-08-12T00:02:43.732+05:30  INFO 22936 --- [main] w.s.c.ServletWebServerApplicationContext : Root WebApplicationContext: initialization completed in 1697 ms
2025-08-12T00:02:43.897+05:30 DEBUG 22936 --- [main] com.nexsplit.config.security.JwtFilter   : Filter 'jwtFilter' configured for use
2025-08-12T00:02:44.119+05:30  INFO 22936 --- [main] com.zaxxer.hikari.HikariDataSource       : HikariPool-1 - Starting...
2025-08-12T00:02:44.391+05:30  INFO 22936 --- [main] com.zaxxer.hikari.pool.HikariPool        : HikariPool-1 - Added connection org.postgresql.jdbc.PgConnection@35ceec81
2025-08-12T00:02:44.392+05:30  INFO 22936 --- [main] com.zaxxer.hikari.HikariDataSource       : HikariPool-1 - Start completed.
2025-08-12T00:02:44.414+05:30  INFO 22936 --- [main] org.flywaydb.core.FlywayExecutor         : Database: jdbc:postgresql://localhost:5432/nexsplit (PostgreSQL 17.2)
2025-08-12T00:02:44.500+05:30  INFO 22936 --- [main] o.f.core.internal.command.DbValidate     : Successfully validated 1 migration (execution time 00:00.033s)
2025-08-12T00:02:44.544+05:30  INFO 22936 --- [main] o.f.core.internal.command.DbMigrate      : Current version of schema "public": 1
2025-08-12T00:02:44.546+05:30  INFO 22936 --- [main] o.f.core.internal.command.DbMigrate      : Schema "public" is up to date. No migration necessary.
2025-08-12T00:02:44.633+05:30  INFO 22936 --- [main] o.hibernate.jpa.internal.util.LogHelper  : HHH000204: Processing PersistenceUnitInfo [name: default]
2025-08-12T00:02:44.708+05:30  INFO 22936 --- [main] org.hibernate.Version                    : HHH000412: Hibernate ORM core version 6.6.18.Final
2025-08-12T00:02:44.745+05:30  INFO 22936 --- [main] o.h.c.internal.RegionFactoryInitiator    : HHH000026: Second-level cache disabled
2025-08-12T00:02:44.997+05:30  INFO 22936 --- [main] o.s.o.j.p.SpringPersistenceUnitInfo      : No LoadTimeWeaver setup: ignoring JPA class transformer
2025-08-12T00:02:45.055+05:30  WARN 22936 --- [main] org.hibernate.orm.deprecation            : HHH90000025: PostgreSQLDialect does not need to be specified explicitly using 'hibernate.dialect' (remove the property setting and it will be selected by default)
2025-08-12T00:02:45.068+05:30  INFO 22936 --- [main] org.hibernate.orm.connections.pooling    : HHH10001005: Database info:
	Database JDBC URL [Connecting through datasource 'HikariDataSource (HikariPool-1)']
	Database driver: undefined/unknown
	Database version: 17.2
	Autocommit mode: undefined/unknown
	Isolation level: undefined/unknown
	Minimum pool size: undefined/unknown
	Maximum pool size: undefined/unknown
2025-08-12T00:02:45.824+05:30  INFO 22936 --- [main] o.h.e.t.j.p.i.JtaPlatformInitiator       : HHH000489: No JTA platform available (set 'hibernate.transaction.jta.platform' to enable JTA platform integration)
2025-08-12T00:02:45.827+05:30  INFO 22936 --- [main] j.LocalContainerEntityManagerFactoryBean : Initialized JPA EntityManagerFactory for persistence unit 'default'
2025-08-12T00:02:46.203+05:30  INFO 22936 --- [main] o.s.d.j.r.query.QueryEnhancerFactory     : Hibernate is in classpath; If applicable, HQL parser will be used.
2025-08-12T00:02:47.006+05:30  WARN 22936 --- [main] JpaBaseConfiguration$JpaWebConfiguration : spring.jpa.open-in-view is enabled by default. Therefore, database queries may be performed during view rendering. Explicitly configure spring.jpa.open-in-view to disable this warning
2025-08-12T00:02:47.359+05:30  INFO 22936 --- [main] o.s.b.a.e.web.EndpointLinksResolver      : Exposing 1 endpoint beneath base path '/actuator'
2025-08-12T00:02:47.401+05:30  INFO 22936 --- [main] r$InitializeUserDetailsManagerConfigurer : Global AuthenticationManager configured with UserDetailsService bean with name customUserDetailsService
2025-08-12T00:02:47.560+05:30 DEBUG 22936 --- [main] o.s.s.web.DefaultSecurityFilterChain     : Will secure any request with filters: DisableEncodeUrlFilter, WebAsyncManagerIntegrationFilter, SecurityContextHolderFilter, HeaderWriterFilter, CorsFilter, LogoutFilter, OAuth2AuthorizationRequestRedirectFilter, OAuth2LoginAuthenticationFilter, JwtFilter, RequestCacheAwareFilter, SecurityContextHolderAwareRequestFilter, AnonymousAuthenticationFilter, SessionManagementFilter, ExceptionTranslationFilter, AuthorizationFilter
2025-08-12T00:02:48.034+05:30  INFO 22936 --- [main] o.s.b.w.embedded.tomcat.TomcatWebServer  : Tomcat started on port 8080 (http) with context path '/'
2025-08-12T00:02:48.043+05:30  INFO 22936 --- [main] com.nexsplit.NexsplitApplication         : Started NexsplitApplication in 6.633 seconds (process running for 7.081)
2025-08-12T00:03:10.564+05:30  INFO 22936 --- [http-nio-8080-exec-1] o.a.c.c.C.[Tomcat].[localhost].[/]       : Initializing Spring DispatcherServlet 'dispatcherServlet'
2025-08-12T00:03:10.565+05:30  INFO 22936 --- [http-nio-8080-exec-1] o.s.web.servlet.DispatcherServlet        : Initializing Servlet 'dispatcherServlet'
2025-08-12T00:03:10.567+05:30  INFO 22936 --- [http-nio-8080-exec-1] o.s.web.servlet.DispatcherServlet        : Completed initialization in 1 ms
2025-08-12T00:03:10.592+05:30 DEBUG 22936 --- [http-nio-8080-exec-1] o.s.security.web.FilterChainProxy        : Securing GET /actuator/health
2025-08-12T00:03:10.605+05:30 DEBUG 22936 --- [http-nio-8080-exec-1] o.s.s.w.a.AnonymousAuthenticationFilter  : Set SecurityContextHolder to anonymous SecurityContext
2025-08-12T00:03:10.613+05:30 DEBUG 22936 --- [http-nio-8080-exec-1] o.s.security.web.FilterChainProxy        : Secured GET /actuator/health
2025-08-12T00:03:17.779+05:30 DEBUG 22936 --- [http-nio-8080-exec-3] o.s.security.web.FilterChainProxy        : Securing GET /actuator/health
2025-08-12T00:03:17.780+05:30 DEBUG 22936 --- [http-nio-8080-exec-3] o.s.s.w.a.AnonymousAuthenticationFilter  : Set SecurityContextHolder to anonymous SecurityContext
2025-08-12T00:03:17.780+05:30 DEBUG 22936 --- [http-nio-8080-exec-3] o.s.security.web.FilterChainProxy        : Secured GET /actuator/health
2025-08-12T00:03:28.013+05:30  INFO 22936 --- [SpringApplicationShutdownHook] o.s.b.w.e.tomcat.GracefulShutdown        : Commencing graceful shutdown. Waiting for active requests to complete
2025-08-12T00:03:28.020+05:30  INFO 22936 --- [tomcat-shutdown] o.s.b.w.e.tomcat.GracefulShutdown        : Graceful shutdown complete
2025-08-12T00:03:28.025+05:30  INFO 22936 --- [SpringApplicationShutdownHook] j.LocalContainerEntityManagerFactoryBean : Closing JPA EntityManagerFactory for persistence unit 'default'
2025-08-12T00:03:28.027+05:30  INFO 22936 --- [SpringApplicationShutdownHook] com.zaxxer.hikari.HikariDataSource       : HikariPool-1 - Shutdown initiated...
2025-08-12T00:03:28.030+05:30  INFO 22936 --- [SpringApplicationShutdownHook] com.zaxxer.hikari.HikariDataSource       : HikariPool-1 - Shutdown completed.
2025-08-12T00:07:19.368+05:30  INFO 34464 --- [main] com.nexsplit.NexsplitApplication         : Starting NexsplitApplication using Java 21.0.4 with PID 34464 (D:\spring\nexsplit\nexsplit\target\classes started by WWW in D:\spring\nexsplit\nexsplit)
2025-08-12T00:07:19.370+05:30 DEBUG 34464 --- [main] com.nexsplit.NexsplitApplication         : Running with Spring Boot v3.5.3, Spring v6.2.8
2025-08-12T00:07:19.370+05:30  INFO 34464 --- [main] com.nexsplit.NexsplitApplication         : No active profile set, falling back to 1 default profile: "default"
2025-08-12T00:07:20.240+05:30  INFO 34464 --- [main] .s.d.r.c.RepositoryConfigurationDelegate : Bootstrapping Spring Data JPA repositories in DEFAULT mode.
2025-08-12T00:07:20.285+05:30  INFO 34464 --- [main] .s.d.r.c.RepositoryConfigurationDelegate : Finished Spring Data repository scanning in 38 ms. Found 1 JPA repository interface.
2025-08-12T00:07:20.833+05:30  INFO 34464 --- [main] o.s.b.w.embedded.tomcat.TomcatWebServer  : Tomcat initialized with port 8080 (http)
2025-08-12T00:07:20.844+05:30  INFO 34464 --- [main] o.apache.catalina.core.StandardService   : Starting service [Tomcat]
2025-08-12T00:07:20.845+05:30  INFO 34464 --- [main] o.apache.catalina.core.StandardEngine    : Starting Servlet engine: [Apache Tomcat/10.1.42]
2025-08-12T00:07:20.897+05:30  INFO 34464 --- [main] o.a.c.c.C.[Tomcat].[localhost].[/]       : Initializing Spring embedded WebApplicationContext
2025-08-12T00:07:20.897+05:30  INFO 34464 --- [main] w.s.c.ServletWebServerApplicationContext : Root WebApplicationContext: initialization completed in 1483 ms
2025-08-12T00:07:21.068+05:30 DEBUG 34464 --- [main] com.nexsplit.config.security.JwtFilter   : Filter 'jwtFilter' configured for use
2025-08-12T00:07:21.264+05:30  INFO 34464 --- [main] com.zaxxer.hikari.HikariDataSource       : HikariPool-1 - Starting...
2025-08-12T00:07:21.397+05:30  INFO 34464 --- [main] com.zaxxer.hikari.pool.HikariPool        : HikariPool-1 - Added connection org.postgresql.jdbc.PgConnection@644947ee
2025-08-12T00:07:21.399+05:30  INFO 34464 --- [main] com.zaxxer.hikari.HikariDataSource       : HikariPool-1 - Start completed.
2025-08-12T00:07:21.424+05:30  INFO 34464 --- [main] org.flywaydb.core.FlywayExecutor         : Database: jdbc:postgresql://localhost:5432/nexsplit (PostgreSQL 17.2)
2025-08-12T00:07:21.468+05:30  INFO 34464 --- [main] o.f.core.internal.command.DbValidate     : Successfully validated 1 migration (execution time 00:00.025s)
2025-08-12T00:07:21.561+05:30  INFO 34464 --- [main] o.f.core.internal.command.DbMigrate      : Current version of schema "public": 1
2025-08-12T00:07:21.566+05:30  INFO 34464 --- [main] o.f.core.internal.command.DbMigrate      : Schema "public" is up to date. No migration necessary.
2025-08-12T00:07:21.701+05:30  INFO 34464 --- [main] o.hibernate.jpa.internal.util.LogHelper  : HHH000204: Processing PersistenceUnitInfo [name: default]
2025-08-12T00:07:21.758+05:30  INFO 34464 --- [main] org.hibernate.Version                    : HHH000412: Hibernate ORM core version 6.6.18.Final
2025-08-12T00:07:21.787+05:30  INFO 34464 --- [main] o.h.c.internal.RegionFactoryInitiator    : HHH000026: Second-level cache disabled
2025-08-12T00:07:22.098+05:30  INFO 34464 --- [main] o.s.o.j.p.SpringPersistenceUnitInfo      : No LoadTimeWeaver setup: ignoring JPA class transformer
2025-08-12T00:07:22.154+05:30  WARN 34464 --- [main] org.hibernate.orm.deprecation            : HHH90000025: PostgreSQLDialect does not need to be specified explicitly using 'hibernate.dialect' (remove the property setting and it will be selected by default)
2025-08-12T00:07:22.167+05:30  INFO 34464 --- [main] org.hibernate.orm.connections.pooling    : HHH10001005: Database info:
	Database JDBC URL [Connecting through datasource 'HikariDataSource (HikariPool-1)']
	Database driver: undefined/unknown
	Database version: 17.2
	Autocommit mode: undefined/unknown
	Isolation level: undefined/unknown
	Minimum pool size: undefined/unknown
	Maximum pool size: undefined/unknown
2025-08-12T00:07:22.894+05:30  INFO 34464 --- [main] o.h.e.t.j.p.i.JtaPlatformInitiator       : HHH000489: No JTA platform available (set 'hibernate.transaction.jta.platform' to enable JTA platform integration)
2025-08-12T00:07:22.897+05:30  INFO 34464 --- [main] j.LocalContainerEntityManagerFactoryBean : Initialized JPA EntityManagerFactory for persistence unit 'default'
2025-08-12T00:07:23.177+05:30  INFO 34464 --- [main] o.s.d.j.r.query.QueryEnhancerFactory     : Hibernate is in classpath; If applicable, HQL parser will be used.
2025-08-12T00:07:24.048+05:30  WARN 34464 --- [main] JpaBaseConfiguration$JpaWebConfiguration : spring.jpa.open-in-view is enabled by default. Therefore, database queries may be performed during view rendering. Explicitly configure spring.jpa.open-in-view to disable this warning
2025-08-12T00:07:24.424+05:30  INFO 34464 --- [main] o.s.b.a.e.web.EndpointLinksResolver      : Exposing 1 endpoint beneath base path '/actuator'
2025-08-12T00:07:24.471+05:30  INFO 34464 --- [main] r$InitializeUserDetailsManagerConfigurer : Global AuthenticationManager configured with UserDetailsService bean with name customUserDetailsService
2025-08-12T00:07:24.644+05:30 DEBUG 34464 --- [main] o.s.s.web.DefaultSecurityFilterChain     : Will secure any request with filters: DisableEncodeUrlFilter, WebAsyncManagerIntegrationFilter, SecurityContextHolderFilter, HeaderWriterFilter, CorsFilter, LogoutFilter, OAuth2AuthorizationRequestRedirectFilter, OAuth2LoginAuthenticationFilter, JwtFilter, RequestCacheAwareFilter, SecurityContextHolderAwareRequestFilter, AnonymousAuthenticationFilter, SessionManagementFilter, ExceptionTranslationFilter, AuthorizationFilter
2025-08-12T00:07:25.175+05:30  INFO 34464 --- [main] o.s.b.w.embedded.tomcat.TomcatWebServer  : Tomcat started on port 8080 (http) with context path '/'
2025-08-12T00:07:25.185+05:30  INFO 34464 --- [main] com.nexsplit.NexsplitApplication         : Started NexsplitApplication in 6.261 seconds (process running for 6.607)
2025-08-12T00:07:34.461+05:30  INFO 34464 --- [http-nio-8080-exec-1] o.a.c.c.C.[Tomcat].[localhost].[/]       : Initializing Spring DispatcherServlet 'dispatcherServlet'
2025-08-12T00:07:34.462+05:30  INFO 34464 --- [http-nio-8080-exec-1] o.s.web.servlet.DispatcherServlet        : Initializing Servlet 'dispatcherServlet'
2025-08-12T00:07:34.464+05:30  INFO 34464 --- [http-nio-8080-exec-1] o.s.web.servlet.DispatcherServlet        : Completed initialization in 2 ms
2025-08-12T00:07:34.482+05:30 DEBUG 34464 --- [http-nio-8080-exec-1] o.s.security.web.FilterChainProxy        : Securing GET /actuator/health
2025-08-12T00:07:34.493+05:30 DEBUG 34464 --- [http-nio-8080-exec-1] o.s.s.w.a.AnonymousAuthenticationFilter  : Set SecurityContextHolder to anonymous SecurityContext
2025-08-12T00:07:34.500+05:30 DEBUG 34464 --- [http-nio-8080-exec-1] o.s.security.web.FilterChainProxy        : Secured GET /actuator/health
2025-08-12T00:07:42.124+05:30 DEBUG 34464 --- [http-nio-8080-exec-6] o.s.security.web.FilterChainProxy        : Securing GET /actuator/env
2025-08-12T00:07:42.125+05:30 DEBUG 34464 --- [http-nio-8080-exec-6] o.s.s.w.a.AnonymousAuthenticationFilter  : Set SecurityContextHolder to anonymous SecurityContext
2025-08-12T00:07:42.127+05:30 DEBUG 34464 --- [http-nio-8080-exec-6] o.s.security.web.FilterChainProxy        : Secured GET /actuator/env
2025-08-12T00:07:53.399+05:30 DEBUG 34464 --- [http-nio-8080-exec-5] o.s.security.web.FilterChainProxy        : Securing GET /actuator
2025-08-12T00:07:53.400+05:30 DEBUG 34464 --- [http-nio-8080-exec-5] com.nexsplit.config.security.JwtFilter   : No valid Authorization header found for path: /actuator
2025-08-12T00:07:53.400+05:30 DEBUG 34464 --- [http-nio-8080-exec-5] o.s.s.w.a.AnonymousAuthenticationFilter  : Set SecurityContextHolder to anonymous SecurityContext
2025-08-12T00:07:53.401+05:30 DEBUG 34464 --- [http-nio-8080-exec-5] o.s.security.web.FilterChainProxy        : Secured GET /actuator
2025-08-12T00:07:59.884+05:30 DEBUG 34464 --- [http-nio-8080-exec-4] o.s.security.web.FilterChainProxy        : Securing GET /actuator
2025-08-12T00:07:59.885+05:30 DEBUG 34464 --- [http-nio-8080-exec-4] com.nexsplit.config.security.JwtFilter   : No valid Authorization header found for path: /actuator
2025-08-12T00:07:59.885+05:30 DEBUG 34464 --- [http-nio-8080-exec-4] o.s.s.w.a.AnonymousAuthenticationFilter  : Set SecurityContextHolder to anonymous SecurityContext
2025-08-12T00:07:59.886+05:30 DEBUG 34464 --- [http-nio-8080-exec-4] o.s.security.web.FilterChainProxy        : Secured GET /actuator
2025-08-12T00:19:40.984+05:30  INFO 34464 --- [SpringApplicationShutdownHook] o.s.b.w.e.tomcat.GracefulShutdown        : Commencing graceful shutdown. Waiting for active requests to complete
2025-08-12T00:19:40.992+05:30  INFO 34464 --- [tomcat-shutdown] o.s.b.w.e.tomcat.GracefulShutdown        : Graceful shutdown complete
2025-08-12T00:19:40.997+05:30  INFO 34464 --- [SpringApplicationShutdownHook] j.LocalContainerEntityManagerFactoryBean : Closing JPA EntityManagerFactory for persistence unit 'default'
2025-08-12T00:19:40.999+05:30  INFO 34464 --- [SpringApplicationShutdownHook] com.zaxxer.hikari.HikariDataSource       : HikariPool-1 - Shutdown initiated...
2025-08-12T00:19:41.001+05:30  INFO 34464 --- [SpringApplicationShutdownHook] com.zaxxer.hikari.HikariDataSource       : HikariPool-1 - Shutdown completed.
2025-08-12T00:22:47.554+05:30  INFO 14472 --- [main] com.nexsplit.NexsplitApplication         : Starting NexsplitApplication using Java 21.0.4 with PID 14472 (D:\spring\nexsplit\nexsplit\target\classes started by WWW in D:\spring\nexsplit\nexsplit)
2025-08-12T00:22:47.555+05:30 DEBUG 14472 --- [main] com.nexsplit.NexsplitApplication         : Running with Spring Boot v3.5.3, Spring v6.2.8
2025-08-12T00:22:47.556+05:30  INFO 14472 --- [main] com.nexsplit.NexsplitApplication         : The following 1 profile is active: "dev"
2025-08-12T00:22:48.489+05:30  INFO 14472 --- [main] .s.d.r.c.RepositoryConfigurationDelegate : Bootstrapping Spring Data JPA repositories in DEFAULT mode.
2025-08-12T00:22:48.529+05:30  INFO 14472 --- [main] .s.d.r.c.RepositoryConfigurationDelegate : Finished Spring Data repository scanning in 33 ms. Found 1 JPA repository interface.
2025-08-12T00:22:49.065+05:30  INFO 14472 --- [main] o.s.b.w.embedded.tomcat.TomcatWebServer  : Tomcat initialized with port 8080 (http)
2025-08-12T00:22:49.075+05:30  INFO 14472 --- [main] o.apache.catalina.core.StandardService   : Starting service [Tomcat]
2025-08-12T00:22:49.075+05:30  INFO 14472 --- [main] o.apache.catalina.core.StandardEngine    : Starting Servlet engine: [Apache Tomcat/10.1.42]
2025-08-12T00:22:49.126+05:30  INFO 14472 --- [main] o.a.c.c.C.[Tomcat].[localhost].[/]       : Initializing Spring embedded WebApplicationContext
2025-08-12T00:22:49.127+05:30  INFO 14472 --- [main] w.s.c.ServletWebServerApplicationContext : Root WebApplicationContext: initialization completed in 1515 ms
2025-08-12T00:22:49.287+05:30 DEBUG 14472 --- [main] com.nexsplit.config.security.JwtFilter   : Filter 'jwtFilter' configured for use
2025-08-12T00:22:49.493+05:30  INFO 14472 --- [main] com.zaxxer.hikari.HikariDataSource       : HikariPool-1 - Starting...
2025-08-12T00:22:49.634+05:30  INFO 14472 --- [main] com.zaxxer.hikari.pool.HikariPool        : HikariPool-1 - Added connection org.postgresql.jdbc.PgConnection@6bf0f70a
2025-08-12T00:22:49.636+05:30  INFO 14472 --- [main] com.zaxxer.hikari.HikariDataSource       : HikariPool-1 - Start completed.
2025-08-12T00:22:49.657+05:30  INFO 14472 --- [main] org.flywaydb.core.FlywayExecutor         : Database: jdbc:postgresql://localhost:5432/nexsplit (PostgreSQL 17.2)
2025-08-12T00:22:49.700+05:30  INFO 14472 --- [main] o.f.core.internal.command.DbValidate     : Successfully validated 1 migration (execution time 00:00.023s)
2025-08-12T00:22:49.773+05:30  INFO 14472 --- [main] o.f.core.internal.command.DbMigrate      : Current version of schema "public": 1
2025-08-12T00:22:49.776+05:30  INFO 14472 --- [main] o.f.core.internal.command.DbMigrate      : Schema "public" is up to date. No migration necessary.
2025-08-12T00:22:49.870+05:30  INFO 14472 --- [main] o.hibernate.jpa.internal.util.LogHelper  : HHH000204: Processing PersistenceUnitInfo [name: default]
2025-08-12T00:22:49.909+05:30  INFO 14472 --- [main] org.hibernate.Version                    : HHH000412: Hibernate ORM core version 6.6.18.Final
2025-08-12T00:22:49.933+05:30  INFO 14472 --- [main] o.h.c.internal.RegionFactoryInitiator    : HHH000026: Second-level cache disabled
2025-08-12T00:22:50.151+05:30  INFO 14472 --- [main] o.s.o.j.p.SpringPersistenceUnitInfo      : No LoadTimeWeaver setup: ignoring JPA class transformer
2025-08-12T00:22:50.196+05:30  WARN 14472 --- [main] org.hibernate.orm.deprecation            : HHH90000025: PostgreSQLDialect does not need to be specified explicitly using 'hibernate.dialect' (remove the property setting and it will be selected by default)
2025-08-12T00:22:50.207+05:30  INFO 14472 --- [main] org.hibernate.orm.connections.pooling    : HHH10001005: Database info:
	Database JDBC URL [Connecting through datasource 'HikariDataSource (HikariPool-1)']
	Database driver: undefined/unknown
	Database version: 17.2
	Autocommit mode: undefined/unknown
	Isolation level: undefined/unknown
	Minimum pool size: undefined/unknown
	Maximum pool size: undefined/unknown
2025-08-12T00:22:50.851+05:30  INFO 14472 --- [main] o.h.e.t.j.p.i.JtaPlatformInitiator       : HHH000489: No JTA platform available (set 'hibernate.transaction.jta.platform' to enable JTA platform integration)
2025-08-12T00:22:50.854+05:30  INFO 14472 --- [main] j.LocalContainerEntityManagerFactoryBean : Initialized JPA EntityManagerFactory for persistence unit 'default'
2025-08-12T00:22:51.160+05:30  INFO 14472 --- [main] o.s.d.j.r.query.QueryEnhancerFactory     : Hibernate is in classpath; If applicable, HQL parser will be used.
2025-08-12T00:22:51.836+05:30  WARN 14472 --- [main] JpaBaseConfiguration$JpaWebConfiguration : spring.jpa.open-in-view is enabled by default. Therefore, database queries may be performed during view rendering. Explicitly configure spring.jpa.open-in-view to disable this warning
2025-08-12T00:22:52.158+05:30  INFO 14472 --- [main] o.s.b.a.e.web.EndpointLinksResolver      : Exposing 1 endpoint beneath base path '/actuator'
2025-08-12T00:22:52.196+05:30  INFO 14472 --- [main] r$InitializeUserDetailsManagerConfigurer : Global AuthenticationManager configured with UserDetailsService bean with name customUserDetailsService
2025-08-12T00:22:52.321+05:30 DEBUG 14472 --- [main] o.s.s.web.DefaultSecurityFilterChain     : Will secure any request with filters: DisableEncodeUrlFilter, WebAsyncManagerIntegrationFilter, SecurityContextHolderFilter, HeaderWriterFilter, CorsFilter, LogoutFilter, OAuth2AuthorizationRequestRedirectFilter, OAuth2LoginAuthenticationFilter, JwtFilter, RequestCacheAwareFilter, SecurityContextHolderAwareRequestFilter, AnonymousAuthenticationFilter, SessionManagementFilter, ExceptionTranslationFilter, AuthorizationFilter
2025-08-12T00:22:52.736+05:30  INFO 14472 --- [main] o.s.b.w.embedded.tomcat.TomcatWebServer  : Tomcat started on port 8080 (http) with context path '/'
2025-08-12T00:22:52.746+05:30  INFO 14472 --- [main] com.nexsplit.NexsplitApplication         : Started NexsplitApplication in 5.573 seconds (process running for 5.903)
2025-08-12T00:23:08.051+05:30  INFO 14472 --- [SpringApplicationShutdownHook] o.s.b.w.e.tomcat.GracefulShutdown        : Commencing graceful shutdown. Waiting for active requests to complete
2025-08-12T00:23:08.060+05:30  INFO 14472 --- [tomcat-shutdown] o.s.b.w.e.tomcat.GracefulShutdown        : Graceful shutdown complete
2025-08-12T00:23:08.065+05:30  INFO 14472 --- [SpringApplicationShutdownHook] j.LocalContainerEntityManagerFactoryBean : Closing JPA EntityManagerFactory for persistence unit 'default'
2025-08-12T00:23:08.067+05:30  INFO 14472 --- [SpringApplicationShutdownHook] com.zaxxer.hikari.HikariDataSource       : HikariPool-1 - Shutdown initiated...
2025-08-12T00:23:08.069+05:30  INFO 14472 --- [SpringApplicationShutdownHook] com.zaxxer.hikari.HikariDataSource       : HikariPool-1 - Shutdown completed.
2025-08-12T00:28:06.541+05:30  INFO 29396 --- [main] com.nexsplit.NexsplitApplication         : Starting NexsplitApplication using Java 21.0.4 with PID 29396 (D:\spring\nexsplit\nexsplit\target\classes started by WWW in D:\spring\nexsplit\nexsplit)
2025-08-12T00:28:06.543+05:30 DEBUG 29396 --- [main] com.nexsplit.NexsplitApplication         : Running with Spring Boot v3.5.3, Spring v6.2.8
2025-08-12T00:28:06.544+05:30  INFO 29396 --- [main] com.nexsplit.NexsplitApplication         : The following 1 profile is active: "dev"
2025-08-12T00:28:07.593+05:30  INFO 29396 --- [main] .s.d.r.c.RepositoryConfigurationDelegate : Bootstrapping Spring Data JPA repositories in DEFAULT mode.
2025-08-12T00:28:07.642+05:30  INFO 29396 --- [main] .s.d.r.c.RepositoryConfigurationDelegate : Finished Spring Data repository scanning in 41 ms. Found 1 JPA repository interface.
2025-08-12T00:28:08.385+05:30  INFO 29396 --- [main] o.s.b.w.embedded.tomcat.TomcatWebServer  : Tomcat initialized with port 8080 (http)
2025-08-12T00:28:08.398+05:30  INFO 29396 --- [main] o.apache.catalina.core.StandardService   : Starting service [Tomcat]
2025-08-12T00:28:08.400+05:30  INFO 29396 --- [main] o.apache.catalina.core.StandardEngine    : Starting Servlet engine: [Apache Tomcat/10.1.42]
2025-08-12T00:28:08.465+05:30  INFO 29396 --- [main] o.a.c.c.C.[Tomcat].[localhost].[/]       : Initializing Spring embedded WebApplicationContext
2025-08-12T00:28:08.466+05:30  INFO 29396 --- [main] w.s.c.ServletWebServerApplicationContext : Root WebApplicationContext: initialization completed in 1881 ms
2025-08-12T00:28:08.682+05:30 DEBUG 29396 --- [main] com.nexsplit.config.security.JwtFilter   : Filter 'jwtFilter' configured for use
2025-08-12T00:28:08.920+05:30  INFO 29396 --- [main] com.zaxxer.hikari.HikariDataSource       : HikariPool-1 - Starting...
2025-08-12T00:28:09.104+05:30  INFO 29396 --- [main] com.zaxxer.hikari.pool.HikariPool        : HikariPool-1 - Added connection org.postgresql.jdbc.PgConnection@40738846
2025-08-12T00:28:09.105+05:30  INFO 29396 --- [main] com.zaxxer.hikari.HikariDataSource       : HikariPool-1 - Start completed.
2025-08-12T00:28:09.133+05:30  INFO 29396 --- [main] org.flywaydb.core.FlywayExecutor         : Database: jdbc:postgresql://localhost:5432/nexsplit (PostgreSQL 17.2)
2025-08-12T00:28:09.191+05:30  INFO 29396 --- [main] o.f.core.internal.command.DbValidate     : Successfully validated 1 migration (execution time 00:00.032s)
2025-08-12T00:28:09.260+05:30  INFO 29396 --- [main] o.f.core.internal.command.DbMigrate      : Current version of schema "public": 1
2025-08-12T00:28:09.264+05:30  INFO 29396 --- [main] o.f.core.internal.command.DbMigrate      : Schema "public" is up to date. No migration necessary.
2025-08-12T00:28:09.376+05:30  INFO 29396 --- [main] o.hibernate.jpa.internal.util.LogHelper  : HHH000204: Processing PersistenceUnitInfo [name: default]
2025-08-12T00:28:09.435+05:30  INFO 29396 --- [main] org.hibernate.Version                    : HHH000412: Hibernate ORM core version 6.6.18.Final
2025-08-12T00:28:09.472+05:30  INFO 29396 --- [main] o.h.c.internal.RegionFactoryInitiator    : HHH000026: Second-level cache disabled
2025-08-12T00:28:09.746+05:30  INFO 29396 --- [main] o.s.o.j.p.SpringPersistenceUnitInfo      : No LoadTimeWeaver setup: ignoring JPA class transformer
2025-08-12T00:28:09.800+05:30  WARN 29396 --- [main] org.hibernate.orm.deprecation            : HHH90000025: PostgreSQLDialect does not need to be specified explicitly using 'hibernate.dialect' (remove the property setting and it will be selected by default)
2025-08-12T00:28:09.814+05:30  INFO 29396 --- [main] org.hibernate.orm.connections.pooling    : HHH10001005: Database info:
	Database JDBC URL [Connecting through datasource 'HikariDataSource (HikariPool-1)']
	Database driver: undefined/unknown
	Database version: 17.2
	Autocommit mode: undefined/unknown
	Isolation level: undefined/unknown
	Minimum pool size: undefined/unknown
	Maximum pool size: undefined/unknown
2025-08-12T00:28:10.550+05:30  INFO 29396 --- [main] o.h.e.t.j.p.i.JtaPlatformInitiator       : HHH000489: No JTA platform available (set 'hibernate.transaction.jta.platform' to enable JTA platform integration)
2025-08-12T00:28:10.554+05:30  INFO 29396 --- [main] j.LocalContainerEntityManagerFactoryBean : Initialized JPA EntityManagerFactory for persistence unit 'default'
2025-08-12T00:28:10.882+05:30  INFO 29396 --- [main] o.s.d.j.r.query.QueryEnhancerFactory     : Hibernate is in classpath; If applicable, HQL parser will be used.
2025-08-12T00:28:11.824+05:30  WARN 29396 --- [main] JpaBaseConfiguration$JpaWebConfiguration : spring.jpa.open-in-view is enabled by default. Therefore, database queries may be performed during view rendering. Explicitly configure spring.jpa.open-in-view to disable this warning
2025-08-12T00:28:12.253+05:30  INFO 29396 --- [main] o.s.b.a.e.web.EndpointLinksResolver      : Exposing 1 endpoint beneath base path '/actuator'
2025-08-12T00:28:12.299+05:30  INFO 29396 --- [main] r$InitializeUserDetailsManagerConfigurer : Global AuthenticationManager configured with UserDetailsService bean with name customUserDetailsService
2025-08-12T00:28:12.486+05:30 DEBUG 29396 --- [main] o.s.s.web.DefaultSecurityFilterChain     : Will secure any request with filters: DisableEncodeUrlFilter, WebAsyncManagerIntegrationFilter, SecurityContextHolderFilter, HeaderWriterFilter, CorsFilter, LogoutFilter, OAuth2AuthorizationRequestRedirectFilter, OAuth2LoginAuthenticationFilter, JwtFilter, RequestCacheAwareFilter, SecurityContextHolderAwareRequestFilter, AnonymousAuthenticationFilter, SessionManagementFilter, ExceptionTranslationFilter, AuthorizationFilter
2025-08-12T00:28:13.074+05:30  INFO 29396 --- [main] o.s.b.w.embedded.tomcat.TomcatWebServer  : Tomcat started on port 8080 (http) with context path '/'
2025-08-12T00:28:13.085+05:30  INFO 29396 --- [main] com.nexsplit.NexsplitApplication         : Started NexsplitApplication in 6.968 seconds (process running for 7.296)
2025-08-12T00:28:19.581+05:30  INFO 29396 --- [SpringApplicationShutdownHook] o.s.b.w.e.tomcat.GracefulShutdown        : Commencing graceful shutdown. Waiting for active requests to complete
2025-08-12T00:28:19.588+05:30  INFO 29396 --- [tomcat-shutdown] o.s.b.w.e.tomcat.GracefulShutdown        : Graceful shutdown complete
2025-08-12T00:28:19.593+05:30  INFO 29396 --- [SpringApplicationShutdownHook] j.LocalContainerEntityManagerFactoryBean : Closing JPA EntityManagerFactory for persistence unit 'default'
2025-08-12T00:28:19.595+05:30  INFO 29396 --- [SpringApplicationShutdownHook] com.zaxxer.hikari.HikariDataSource       : HikariPool-1 - Shutdown initiated...
2025-08-12T00:28:19.598+05:30  INFO 29396 --- [SpringApplicationShutdownHook] com.zaxxer.hikari.HikariDataSource       : HikariPool-1 - Shutdown completed.
2025-08-11T20:38:58.630Z  INFO 1 --- [main] com.nexsplit.NexsplitApplication         : Starting NexsplitApplication v0.0.1-SNAPSHOT using Java 21.0.8 with PID 1 (/app/app.jar started by appuser in /app)
2025-08-11T20:38:58.634Z  INFO 1 --- [main] com.nexsplit.NexsplitApplication         : The following 1 profile is active: "docker"
2025-08-11T20:39:00.258Z  INFO 1 --- [main] .s.d.r.c.RepositoryConfigurationDelegate : Bootstrapping Spring Data JPA repositories in DEFAULT mode.
2025-08-11T20:39:00.343Z  INFO 1 --- [main] .s.d.r.c.RepositoryConfigurationDelegate : Finished Spring Data repository scanning in 71 ms. Found 1 JPA repository interface.
2025-08-11T20:39:01.620Z  INFO 1 --- [main] o.s.b.w.embedded.tomcat.TomcatWebServer  : Tomcat initialized with port 8080 (http)
2025-08-11T20:39:01.643Z  INFO 1 --- [main] o.apache.catalina.core.StandardService   : Starting service [Tomcat]
2025-08-11T20:39:01.644Z  INFO 1 --- [main] o.apache.catalina.core.StandardEngine    : Starting Servlet engine: [Apache Tomcat/10.1.42]
2025-08-11T20:39:01.701Z  INFO 1 --- [main] o.a.c.c.C.[Tomcat].[localhost].[/]       : Initializing Spring embedded WebApplicationContext
2025-08-11T20:39:01.702Z  INFO 1 --- [main] w.s.c.ServletWebServerApplicationContext : Root WebApplicationContext: initialization completed in 3013 ms
2025-08-11T20:39:02.634Z  INFO 1 --- [main] com.zaxxer.hikari.HikariDataSource       : HikariPool-1 - Starting...
2025-08-11T20:39:03.016Z  INFO 1 --- [main] com.zaxxer.hikari.pool.HikariPool        : HikariPool-1 - Added connection org.postgresql.jdbc.PgConnection@45f1413c
2025-08-11T20:39:03.018Z  INFO 1 --- [main] com.zaxxer.hikari.HikariDataSource       : HikariPool-1 - Start completed.
2025-08-11T20:39:03.061Z  INFO 1 --- [main] org.flywaydb.core.FlywayExecutor         : Database: jdbc:postgresql://postgres:5432/nexsplit (PostgreSQL 15.13)
2025-08-11T20:39:03.113Z  INFO 1 --- [main] o.f.c.i.s.JdbcTableSchemaHistory         : Schema history table "public"."flyway_schema_history" does not exist yet
2025-08-11T20:39:03.118Z  INFO 1 --- [main] o.f.core.internal.command.DbValidate     : Successfully validated 1 migration (execution time 00:00.024s)
2025-08-11T20:39:03.144Z  INFO 1 --- [main] o.f.c.i.s.JdbcTableSchemaHistory         : Creating Schema History table "public"."flyway_schema_history" with baseline ...
2025-08-11T20:39:03.229Z  INFO 1 --- [main] o.f.core.internal.command.DbBaseline     : Successfully baselined schema with version: 1
2025-08-11T20:39:03.260Z  INFO 1 --- [main] o.f.core.internal.command.DbMigrate      : Current version of schema "public": 1
2025-08-11T20:39:03.266Z  INFO 1 --- [main] o.f.core.internal.command.DbMigrate      : Schema "public" is up to date. No migration necessary.
2025-08-11T20:39:03.459Z  INFO 1 --- [main] o.hibernate.jpa.internal.util.LogHelper  : HHH000204: Processing PersistenceUnitInfo [name: default]
2025-08-11T20:39:03.585Z  INFO 1 --- [main] org.hibernate.Version                    : HHH000412: Hibernate ORM core version 6.6.18.Final
2025-08-11T20:39:03.645Z  INFO 1 --- [main] o.h.c.internal.RegionFactoryInitiator    : HHH000026: Second-level cache disabled
2025-08-11T20:39:04.044Z  INFO 1 --- [main] o.s.o.j.p.SpringPersistenceUnitInfo      : No LoadTimeWeaver setup: ignoring JPA class transformer
2025-08-11T20:39:04.106Z  WARN 1 --- [main] org.hibernate.orm.deprecation            : HHH90000025: PostgreSQLDialect does not need to be specified explicitly using 'hibernate.dialect' (remove the property setting and it will be selected by default)
2025-08-11T20:39:04.123Z  INFO 1 --- [main] org.hibernate.orm.connections.pooling    : HHH10001005: Database info:
	Database JDBC URL [Connecting through datasource 'HikariDataSource (HikariPool-1)']
	Database driver: undefined/unknown
	Database version: 15.13
	Autocommit mode: undefined/unknown
	Isolation level: undefined/unknown
	Minimum pool size: undefined/unknown
	Maximum pool size: undefined/unknown
2025-08-11T20:39:04.962Z  INFO 1 --- [main] o.h.e.t.j.p.i.JtaPlatformInitiator       : HHH000489: No JTA platform available (set 'hibernate.transaction.jta.platform' to enable JTA platform integration)
2025-08-11T20:39:04.966Z  INFO 1 --- [main] j.LocalContainerEntityManagerFactoryBean : Initialized JPA EntityManagerFactory for persistence unit 'default'
2025-08-11T20:39:05.664Z  INFO 1 --- [main] o.s.d.j.r.query.QueryEnhancerFactory     : Hibernate is in classpath; If applicable, HQL parser will be used.
2025-08-11T20:39:06.902Z  WARN 1 --- [main] JpaBaseConfiguration$JpaWebConfiguration : spring.jpa.open-in-view is enabled by default. Therefore, database queries may be performed during view rendering. Explicitly configure spring.jpa.open-in-view to disable this warning
2025-08-11T20:39:07.760Z  INFO 1 --- [main] o.s.b.a.e.web.EndpointLinksResolver      : Exposing 1 endpoint beneath base path '/actuator'
2025-08-11T20:39:07.874Z  INFO 1 --- [main] r$InitializeUserDetailsManagerConfigurer : Global AuthenticationManager configured with UserDetailsService bean with name customUserDetailsService
2025-08-11T20:39:09.079Z  INFO 1 --- [main] o.s.b.w.embedded.tomcat.TomcatWebServer  : Tomcat started on port 8080 (http) with context path '/'
2025-08-11T20:39:09.098Z  INFO 1 --- [main] com.nexsplit.NexsplitApplication         : Started NexsplitApplication in 11.182 seconds (process running for 12.089)
2025-08-11T20:39:12.366Z  INFO 1 --- [http-nio-8080-exec-1] o.a.c.c.C.[Tomcat].[localhost].[/]       : Initializing Spring DispatcherServlet 'dispatcherServlet'
2025-08-11T20:39:12.367Z  INFO 1 --- [http-nio-8080-exec-1] o.s.web.servlet.DispatcherServlet        : Initializing Servlet 'dispatcherServlet'
2025-08-11T20:39:12.369Z  INFO 1 --- [http-nio-8080-exec-1] o.s.web.servlet.DispatcherServlet        : Completed initialization in 1 ms
2025-08-11T20:39:22.276Z  INFO 1 --- [SpringApplicationShutdownHook] o.s.b.w.e.tomcat.GracefulShutdown        : Commencing graceful shutdown. Waiting for active requests to complete
2025-08-11T20:39:22.279Z  INFO 1 --- [tomcat-shutdown] o.s.b.w.e.tomcat.GracefulShutdown        : Graceful shutdown complete
2025-08-11T20:39:22.284Z  INFO 1 --- [SpringApplicationShutdownHook] j.LocalContainerEntityManagerFactoryBean : Closing JPA EntityManagerFactory for persistence unit 'default'
2025-08-11T20:39:22.286Z  INFO 1 --- [SpringApplicationShutdownHook] com.zaxxer.hikari.HikariDataSource       : HikariPool-1 - Shutdown initiated...
2025-08-11T20:39:22.288Z  INFO 1 --- [SpringApplicationShutdownHook] com.zaxxer.hikari.HikariDataSource       : HikariPool-1 - Shutdown completed.
2025-08-12T02:41:41.528+05:30  INFO 32056 --- [main] com.nexsplit.NexsplitApplication         : Starting NexsplitApplication using Java 21.0.6 with PID 32056 (D:\spring\nexsplit\nexsplit\target\classes started by WWW in D:\spring\nexsplit\nexsplit)
2025-08-12T02:41:41.530+05:30 DEBUG 32056 --- [main] com.nexsplit.NexsplitApplication         : Running with Spring Boot v3.5.3, Spring v6.2.8
2025-08-12T02:41:41.531+05:30  INFO 32056 --- [main] com.nexsplit.NexsplitApplication         : No active profile set, falling back to 1 default profile: "default"
2025-08-12T02:41:42.558+05:30  INFO 32056 --- [main] .s.d.r.c.RepositoryConfigurationDelegate : Bootstrapping Spring Data JPA repositories in DEFAULT mode.
2025-08-12T02:41:42.600+05:30  INFO 32056 --- [main] .s.d.r.c.RepositoryConfigurationDelegate : Finished Spring Data repository scanning in 36 ms. Found 1 JPA repository interface.
2025-08-12T02:41:43.223+05:30  INFO 32056 --- [main] o.s.b.w.embedded.tomcat.TomcatWebServer  : Tomcat initialized with port 8080 (http)
2025-08-12T02:41:43.234+05:30  INFO 32056 --- [main] o.apache.catalina.core.StandardService   : Starting service [Tomcat]
2025-08-12T02:41:43.235+05:30  INFO 32056 --- [main] o.apache.catalina.core.StandardEngine    : Starting Servlet engine: [Apache Tomcat/10.1.42]
2025-08-12T02:41:43.285+05:30  INFO 32056 --- [main] o.a.c.c.C.[Tomcat].[localhost].[/]       : Initializing Spring embedded WebApplicationContext
2025-08-12T02:41:43.286+05:30  INFO 32056 --- [main] w.s.c.ServletWebServerApplicationContext : Root WebApplicationContext: initialization completed in 1717 ms
2025-08-12T02:41:43.426+05:30 DEBUG 32056 --- [main] com.nexsplit.config.security.JwtFilter   : Filter 'jwtFilter' configured for use
2025-08-12T02:41:43.633+05:30  INFO 32056 --- [main] com.zaxxer.hikari.HikariDataSource       : HikariPool-1 - Starting...
2025-08-12T02:41:43.806+05:30  INFO 32056 --- [main] com.zaxxer.hikari.pool.HikariPool        : HikariPool-1 - Added connection org.postgresql.jdbc.PgConnection@73234691
2025-08-12T02:41:43.807+05:30  INFO 32056 --- [main] com.zaxxer.hikari.HikariDataSource       : HikariPool-1 - Start completed.
2025-08-12T02:41:43.846+05:30  INFO 32056 --- [main] org.flywaydb.core.FlywayExecutor         : Database: jdbc:postgresql://localhost:5432/nexsplit (PostgreSQL 17.2)
2025-08-12T02:41:43.903+05:30  INFO 32056 --- [main] o.f.core.internal.command.DbValidate     : Successfully validated 1 migration (execution time 00:00.026s)
2025-08-12T02:41:43.947+05:30  INFO 32056 --- [main] o.f.core.internal.command.DbMigrate      : Current version of schema "public": 1
2025-08-12T02:41:43.950+05:30  INFO 32056 --- [main] o.f.core.internal.command.DbMigrate      : Schema "public" is up to date. No migration necessary.
2025-08-12T02:41:44.030+05:30  INFO 32056 --- [main] o.hibernate.jpa.internal.util.LogHelper  : HHH000204: Processing PersistenceUnitInfo [name: default]
2025-08-12T02:41:44.098+05:30  INFO 32056 --- [main] org.hibernate.Version                    : HHH000412: Hibernate ORM core version 6.6.18.Final
2025-08-12T02:41:44.132+05:30  INFO 32056 --- [main] o.h.c.internal.RegionFactoryInitiator    : HHH000026: Second-level cache disabled
2025-08-12T02:41:44.389+05:30  INFO 32056 --- [main] o.s.o.j.p.SpringPersistenceUnitInfo      : No LoadTimeWeaver setup: ignoring JPA class transformer
2025-08-12T02:41:44.449+05:30  WARN 32056 --- [main] org.hibernate.orm.deprecation            : HHH90000025: PostgreSQLDialect does not need to be specified explicitly using 'hibernate.dialect' (remove the property setting and it will be selected by default)
2025-08-12T02:41:44.462+05:30  INFO 32056 --- [main] org.hibernate.orm.connections.pooling    : HHH10001005: Database info:
	Database JDBC URL [Connecting through datasource 'HikariDataSource (HikariPool-1)']
	Database driver: undefined/unknown
	Database version: 17.2
	Autocommit mode: undefined/unknown
	Isolation level: undefined/unknown
	Minimum pool size: undefined/unknown
	Maximum pool size: undefined/unknown
2025-08-12T02:41:45.160+05:30  INFO 32056 --- [main] o.h.e.t.j.p.i.JtaPlatformInitiator       : HHH000489: No JTA platform available (set 'hibernate.transaction.jta.platform' to enable JTA platform integration)
2025-08-12T02:41:45.162+05:30  INFO 32056 --- [main] j.LocalContainerEntityManagerFactoryBean : Initialized JPA EntityManagerFactory for persistence unit 'default'
2025-08-12T02:41:45.483+05:30  INFO 32056 --- [main] o.s.d.j.r.query.QueryEnhancerFactory     : Hibernate is in classpath; If applicable, HQL parser will be used.
2025-08-12T02:41:46.189+05:30  WARN 32056 --- [main] JpaBaseConfiguration$JpaWebConfiguration : spring.jpa.open-in-view is enabled by default. Therefore, database queries may be performed during view rendering. Explicitly configure spring.jpa.open-in-view to disable this warning
2025-08-12T02:41:46.545+05:30  INFO 32056 --- [main] o.s.b.a.e.web.EndpointLinksResolver      : Exposing 1 endpoint beneath base path '/actuator'
2025-08-12T02:41:46.582+05:30  INFO 32056 --- [main] r$InitializeUserDetailsManagerConfigurer : Global AuthenticationManager configured with UserDetailsService bean with name customUserDetailsService
2025-08-12T02:41:46.716+05:30 DEBUG 32056 --- [main] o.s.s.web.DefaultSecurityFilterChain     : Will secure any request with filters: DisableEncodeUrlFilter, WebAsyncManagerIntegrationFilter, SecurityContextHolderFilter, HeaderWriterFilter, CorsFilter, LogoutFilter, OAuth2AuthorizationRequestRedirectFilter, OAuth2LoginAuthenticationFilter, JwtFilter, RequestCacheAwareFilter, SecurityContextHolderAwareRequestFilter, AnonymousAuthenticationFilter, SessionManagementFilter, ExceptionTranslationFilter, AuthorizationFilter
2025-08-12T02:41:47.210+05:30  INFO 32056 --- [main] o.s.b.w.embedded.tomcat.TomcatWebServer  : Tomcat started on port 8080 (http) with context path '/'
2025-08-12T02:41:47.220+05:30  INFO 32056 --- [main] com.nexsplit.NexsplitApplication         : Started NexsplitApplication in 6.166 seconds (process running for 7.004)
2025-08-12T02:41:47.496+05:30  INFO 32056 --- [RMI TCP Connection(2)-192.168.44.1] o.a.c.c.C.[Tomcat].[localhost].[/]       : Initializing Spring DispatcherServlet 'dispatcherServlet'
2025-08-12T02:41:47.497+05:30  INFO 32056 --- [RMI TCP Connection(2)-192.168.44.1] o.s.web.servlet.DispatcherServlet        : Initializing Servlet 'dispatcherServlet'
2025-08-12T02:41:47.500+05:30  INFO 32056 --- [RMI TCP Connection(2)-192.168.44.1] o.s.web.servlet.DispatcherServlet        : Completed initialization in 2 ms
2025-08-12T02:41:52.093+05:30  INFO 32056 --- [SpringApplicationShutdownHook] o.s.b.w.e.tomcat.GracefulShutdown        : Commencing graceful shutdown. Waiting for active requests to complete
2025-08-12T02:41:52.103+05:30  INFO 32056 --- [tomcat-shutdown] o.s.b.w.e.tomcat.GracefulShutdown        : Graceful shutdown complete
2025-08-12T02:41:52.108+05:30  INFO 32056 --- [SpringApplicationShutdownHook] j.LocalContainerEntityManagerFactoryBean : Closing JPA EntityManagerFactory for persistence unit 'default'
2025-08-12T02:41:52.110+05:30  INFO 32056 --- [SpringApplicationShutdownHook] com.zaxxer.hikari.HikariDataSource       : HikariPool-1 - Shutdown initiated...
2025-08-12T02:41:52.112+05:30  INFO 32056 --- [SpringApplicationShutdownHook] com.zaxxer.hikari.HikariDataSource       : HikariPool-1 - Shutdown completed.
